<?xml version="1.0" encoding="UTF-8"?>
<!-- Generated by org.testng.reporters.JUnitXMLReporter -->
<testsuite ignored="0" hostname="LAPTOP-BBN9GDG1" failures="0" tests="7" name="Command line test" time="3.102" errors="0" timestamp="2022-06-15T01:28:42 TRT">
  <testcase classname="BaseTest" name="setGet" time="1.641"/>
  <testcase classname="BaseTest" name="setPost" time="0.265"/>
  <testcase classname="BaseTest" name="setPut" time="0.268"/>
  <testcase classname="BaseTest" name="setPatch" time="0.242"/>
  <testcase classname="BaseTest" name="setDelete" time="0.271"/>
  <testcase classname="GET.GET_1Test" name="get_1Test" time="0.203"/>
  <testcase classname="GET.GET_1Test" name="get_2Test" time="0.179"/>
</testsuite> <!-- Command line test -->
